# JRE version: Java(TM) SE Runtime Environment (8.0_40-b26) (build 1.8.0_40-b26)
# Java VM: Java HotSpot(TM) 64-Bit Server VM (25.40-b25 mixed mode windows-amd64 compressed oops)
Heap:
 PSYoungGen      total 76288K, used 34027K [0x00000000fab00000, 0x0000000100000000, 0x0000000100000000)
  eden space 65536K, 51% used [0x00000000fab00000,0x00000000fcc3ad38,0x00000000feb00000)
  from space 10752K, 0% used [0x00000000ff580000,0x00000000ff580000,0x0000000100000000)
  to   space 10752K, 0% used [0x00000000feb00000,0x00000000feb00000,0x00000000ff580000)
 ParOldGen       total 175104K, used 154842K [0x00000000f0000000, 0x00000000fab00000, 0x00000000fab00000)
  object space 175104K, 88% used [0x00000000f0000000,0x00000000f9736ac8,0x00000000fab00000)
 Metaspace       used 33518K, capacity 33765K, committed 34176K, reserved 1079296K
  class space    used 4361K, capacity 4442K, committed 4480K, reserved 1048576K
GC Heap History (10 events):
Event: 101.745 GC heap before
{Heap before GC invocations=6 (full 2):
 PSYoungGen      total 76288K, used 10720K [0x00000000fab00000, 0x0000000100000000, 0x0000000100000000)
  eden space 65536K, 0% used [0x00000000fab00000,0x00000000fab00000,0x00000000feb00000)
  from space 10752K, 99% used [0x00000000ff580000,0x00000000ffff80f0,0x0000000100000000)
  to   space 10752K, 0% used [0x00000000feb00000,0x00000000feb00000,0x00000000ff580000)
 ParOldGen       total 126976K, used 28596K [0x00000000f0000000, 0x00000000f7c00000, 0x00000000fab00000)
  object space 126976K, 22% used [0x00000000f0000000,0x00000000f1bed2d8,0x00000000f7c00000)
 Metaspace       used 33437K, capacity 33685K, committed 33920K, reserved 1079296K
  class space    used 4362K, capacity 4454K, committed 4480K, reserved 1048576K
Event: 101.813 GC heap after
Heap after GC invocations=6 (full 2):
 PSYoungGen      total 76288K, used 0K [0x00000000fab00000, 0x0000000100000000, 0x0000000100000000)
  eden space 65536K, 0% used [0x00000000fab00000,0x00000000fab00000,0x00000000feb00000)
  from space 10752K, 0% used [0x00000000ff580000,0x00000000ff580000,0x0000000100000000)
  to   space 10752K, 0% used [0x00000000feb00000,0x00000000feb00000,0x00000000ff580000)
 ParOldGen       total 126976K, used 26755K [0x00000000f0000000, 0x00000000f7c00000, 0x00000000fab00000)
  object space 126976K, 21% used [0x00000000f0000000,0x00000000f1a20e58,0x00000000f7c00000)
 Metaspace       used 33437K, capacity 33685K, committed 33920K, reserved 1079296K
  class space    used 4362K, capacity 4454K, committed 4480K, reserved 1048576K
}
Event: 108.278 GC heap before
{Heap before GC invocations=7 (full 2):
 PSYoungGen      total 76288K, used 37348K [0x00000000fab00000, 0x0000000100000000, 0x0000000100000000)
  eden space 65536K, 56% used [0x00000000fab00000,0x00000000fcf793c0,0x00000000feb00000)
  from space 10752K, 0% used [0x00000000ff580000,0x00000000ff580000,0x0000000100000000)
  to   space 10752K, 0% used [0x00000000feb00000,0x00000000feb00000,0x00000000ff580000)
 ParOldGen       total 175104K, used 157827K [0x00000000f0000000, 0x00000000fab00000, 0x00000000fab00000)
  object space 175104K, 90% used [0x00000000f0000000,0x00000000f9a20e78,0x00000000fab00000)
 Metaspace       used 33547K, capacity 33813K, committed 34176K, reserved 1079296K
  class space    used 4368K, capacity 4454K, committed 4480K, reserved 1048576K
Event: 108.280 GC heap after
Heap after GC invocations=7 (full 2):
 PSYoungGen      total 76288K, used 37348K [0x00000000fab00000, 0x0000000100000000, 0x0000000100000000)
  eden space 65536K, 56% used [0x00000000fab00000,0x00000000fcf793c0,0x00000000feb00000)
  from space 10752K, 0% used [0x00000000ff580000,0x00000000ff580000,0x0000000100000000)
  to   space 10752K, 2% used [0x00000000feb00000,0x00000000feb48000,0x00000000ff580000)
 ParOldGen       total 175104K, used 157835K [0x00000000f0000000, 0x00000000fab00000, 0x00000000fab00000)
  object space 175104K, 90% used [0x00000000f0000000,0x00000000f9a22e78,0x00000000fab00000)
 Metaspace       used 33547K, capacity 33813K, committed 34176K, reserved 1079296K
  class space    used 4368K, capacity 4454K, committed 4480K, reserved 1048576K
}
Event: 108.280 GC heap before
{Heap before GC invocations=8 (full 3):
 PSYoungGen      total 76288K, used 37348K [0x00000000fab00000, 0x0000000100000000, 0x0000000100000000)
  eden space 65536K, 56% used [0x00000000fab00000,0x00000000fcf793c0,0x00000000feb00000)
  from space 10752K, 0% used [0x00000000ff580000,0x00000000ff580000,0x0000000100000000)
  to   space 10752K, 2% used [0x00000000feb00000,0x00000000feb48000,0x00000000ff580000)
 ParOldGen       total 175104K, used 157835K [0x00000000f0000000, 0x00000000fab00000, 0x00000000fab00000)
  object space 175104K, 90% used [0x00000000f0000000,0x00000000f9a22e78,0x00000000fab00000)
 Metaspace       used 33547K, capacity 33813K, committed 34176K, reserved 1079296K
  class space    used 4368K, capacity 4454K, committed 4480K, reserved 1048576K
Event: 108.373 GC heap after
Heap after GC invocations=8 (full 3):
 PSYoungGen      total 76288K, used 32920K [0x00000000fab00000, 0x0000000100000000, 0x0000000100000000)
  eden space 65536K, 50% used [0x00000000fab00000,0x00000000fcb26168,0x00000000feb00000)
  from space 10752K, 0% used [0x00000000ff580000,0x00000000ff580000,0x0000000100000000)
  to   space 10752K, 0% used [0x00000000feb00000,0x00000000feb00000,0x00000000ff580000)
 ParOldGen       total 175104K, used 157749K [0x00000000f0000000, 0x00000000fab00000, 0x00000000fab00000)
  object space 175104K, 90% used [0x00000000f0000000,0x00000000f9a0d740,0x00000000fab00000)
 Metaspace       used 33547K, capacity 33813K, committed 34176K, reserved 1079296K
  class space    used 4368K, capacity 4454K, committed 4480K, reserved 1048576K
}
Event: 108.373 GC heap before
{Heap before GC invocations=9 (full 3):
 PSYoungGen      total 76288K, used 32920K [0x00000000fab00000, 0x0000000100000000, 0x0000000100000000)
  eden space 65536K, 50% used [0x00000000fab00000,0x00000000fcb26168,0x00000000feb00000)
  from space 10752K, 0% used [0x00000000ff580000,0x00000000ff580000,0x0000000100000000)
  to   space 10752K, 0% used [0x00000000feb00000,0x00000000feb00000,0x00000000ff580000)
 ParOldGen       total 175104K, used 157749K [0x00000000f0000000, 0x00000000fab00000, 0x00000000fab00000)
  object space 175104K, 90% used [0x00000000f0000000,0x00000000f9a0d740,0x00000000fab00000)
 Metaspace       used 33547K, capacity 33813K, committed 34176K, reserved 1079296K
  class space    used 4368K, capacity 4454K, committed 4480K, reserved 1048576K
Event: 108.375 GC heap after
Heap after GC invocations=9 (full 3):
 PSYoungGen      total 76288K, used 32920K [0x00000000fab00000, 0x0000000100000000, 0x0000000100000000)
  eden space 65536K, 50% used [0x00000000fab00000,0x00000000fcb26168,0x00000000feb00000)
  from space 10752K, 0% used [0x00000000ff580000,0x00000000ff580000,0x0000000100000000)
  to   space 10752K, 2% used [0x00000000feb00000,0x00000000feb50000,0x00000000ff580000)
 ParOldGen       total 175104K, used 157757K [0x00000000f0000000, 0x00000000fab00000, 0x00000000fab00000)
  object space 175104K, 90% used [0x00000000f0000000,0x00000000f9a0f740,0x00000000fab00000)
 Metaspace       used 33547K, capacity 33813K, committed 34176K, reserved 1079296K
  class space    used 4368K, capacity 4454K, committed 4480K, reserved 1048576K
}
Event: 108.376 GC heap before
{Heap before GC invocations=10 (full 4):
 PSYoungGen      total 76288K, used 32920K [0x00000000fab00000, 0x0000000100000000, 0x0000000100000000)
  eden space 65536K, 50% used [0x00000000fab00000,0x00000000fcb26168,0x00000000feb00000)
  from space 10752K, 0% used [0x00000000ff580000,0x00000000ff580000,0x0000000100000000)
  to   space 10752K, 2% used [0x00000000feb00000,0x00000000feb50000,0x00000000ff580000)
 ParOldGen       total 175104K, used 157757K [0x00000000f0000000, 0x00000000fab00000, 0x00000000fab00000)
  object space 175104K, 90% used [0x00000000f0000000,0x00000000f9a0f740,0x00000000fab00000)
 Metaspace       used 33547K, capacity 33813K, committed 34176K, reserved 1079296K
  class space    used 4368K, capacity 4454K, committed 4480K, reserved 1048576K
Event: 108.450 GC heap after
Heap after GC invocations=10 (full 4):
 PSYoungGen      total 76288K, used 32912K [0x00000000fab00000, 0x0000000100000000, 0x0000000100000000)
  eden space 65536K, 50% used [0x00000000fab00000,0x00000000fcb24390,0x00000000feb00000)
  from space 10752K, 0% used [0x00000000ff580000,0x00000000ff580000,0x0000000100000000)
  to   space 10752K, 0% used [0x00000000feb00000,0x00000000feb00000,0x00000000ff580000)
 ParOldGen       total 175104K, used 154842K [0x00000000f0000000, 0x00000000fab00000, 0x00000000fab00000)
  object space 175104K, 88% used [0x00000000f0000000,0x00000000f9736ac8,0x00000000fab00000)
 Metaspace       used 33518K, capacity 33765K, committed 34176K, reserved 1079296K
  class space    used 4361K, capacity 4442K, committed 4480K, reserved 1048576K
}

