# JRE version: Java(TM) SE Runtime Environment (8.0_40-b26) (build 1.8.0_40-b26)
# Java VM: Java HotSpot(TM) 64-Bit Server VM (25.40-b25 mixed mode windows-amd64 compressed oops)
Heap:
 PSYoungGen      total 58368K, used 225K [0x00000000fab00000, 0x0000000100000000, 0x0000000100000000)
  eden space 29696K, 0% used [0x00000000fab00000,0x00000000fab386c0,0x00000000fc800000)
  from space 28672K, 0% used [0x00000000fe400000,0x00000000fe400000,0x0000000100000000)
  to   space 28672K, 0% used [0x00000000fc800000,0x00000000fc800000,0x00000000fe400000)
 ParOldGen       total 175104K, used 129491K [0x00000000f0000000, 0x00000000fab00000, 0x00000000fab00000)
  object space 175104K, 73% used [0x00000000f0000000,0x00000000f7e74db0,0x00000000fab00000)
 Metaspace       used 35548K, capacity 35811K, committed 36352K, reserved 1081344K
  class space    used 4411K, capacity 4477K, committed 4608K, reserved 1048576K
GC Heap History (10 events):
Event: 628.102 GC heap before
{Heap before GC invocations=13 (full 3):
 PSYoungGen      total 61952K, used 30317K [0x00000000fab00000, 0x0000000100000000, 0x0000000100000000)
  eden space 38912K, 77% used [0x00000000fab00000,0x00000000fc85b490,0x00000000fd100000)
  from space 23040K, 1% used [0x00000000fd100000,0x00000000fd140000,0x00000000fe780000)
  to   space 24576K, 0% used [0x00000000fe800000,0x00000000fe800000,0x0000000100000000)
 ParOldGen       total 175104K, used 125891K [0x00000000f0000000, 0x00000000fab00000, 0x00000000fab00000)
  object space 175104K, 71% used [0x00000000f0000000,0x00000000f7af0fa0,0x00000000fab00000)
 Metaspace       used 35558K, capacity 35829K, committed 36352K, reserved 1081344K
  class space    used 4412K, capacity 4480K, committed 4608K, reserved 1048576K
Event: 628.110 GC heap after
Heap after GC invocations=13 (full 3):
 PSYoungGen      total 56320K, used 24239K [0x00000000fab00000, 0x0000000100000000, 0x0000000100000000)
  eden space 31744K, 0% used [0x00000000fab00000,0x00000000fab00000,0x00000000fca00000)
  from space 24576K, 98% used [0x00000000fe800000,0x00000000fffabc28,0x0000000100000000)
  to   space 27648K, 0% used [0x00000000fca00000,0x00000000fca00000,0x00000000fe500000)
 ParOldGen       total 175104K, used 140317K [0x00000000f0000000, 0x00000000fab00000, 0x00000000fab00000)
  object space 175104K, 80% used [0x00000000f0000000,0x00000000f89077d0,0x00000000fab00000)
 Metaspace       used 35558K, capacity 35829K, committed 36352K, reserved 1081344K
  class space    used 4412K, capacity 4480K, committed 4608K, reserved 1048576K
}
Event: 628.110 GC heap before
{Heap before GC invocations=14 (full 3):
 PSYoungGen      total 56320K, used 24239K [0x00000000fab00000, 0x0000000100000000, 0x0000000100000000)
  eden space 31744K, 0% used [0x00000000fab00000,0x00000000fab00000,0x00000000fca00000)
  from space 24576K, 98% used [0x00000000fe800000,0x00000000fffabc28,0x0000000100000000)
  to   space 27648K, 0% used [0x00000000fca00000,0x00000000fca00000,0x00000000fe500000)
 ParOldGen       total 175104K, used 140317K [0x00000000f0000000, 0x00000000fab00000, 0x00000000fab00000)
  object space 175104K, 80% used [0x00000000f0000000,0x00000000f89077d0,0x00000000fab00000)
 Metaspace       used 35558K, capacity 35829K, committed 36352K, reserved 1081344K
  class space    used 4412K, capacity 4480K, committed 4608K, reserved 1048576K
Event: 628.112 GC heap after
Heap after GC invocations=14 (full 3):
 PSYoungGen      total 56320K, used 24239K [0x00000000fab00000, 0x0000000100000000, 0x0000000100000000)
  eden space 31744K, 0% used [0x00000000fab00000,0x00000000fab00000,0x00000000fca00000)
  from space 24576K, 98% used [0x00000000fca00000,0x00000000fe1abc28,0x00000000fe200000)
  to   space 28672K, 0% used [0x00000000fe400000,0x00000000fe400000,0x0000000100000000)
 ParOldGen       total 175104K, used 140317K [0x00000000f0000000, 0x00000000fab00000, 0x00000000fab00000)
  object space 175104K, 80% used [0x00000000f0000000,0x00000000f89077d0,0x00000000fab00000)
 Metaspace       used 35558K, capacity 35829K, committed 36352K, reserved 1081344K
  class space    used 4412K, capacity 4480K, committed 4608K, reserved 1048576K
}
Event: 628.113 GC heap before
{Heap before GC invocations=15 (full 4):
 PSYoungGen      total 56320K, used 24239K [0x00000000fab00000, 0x0000000100000000, 0x0000000100000000)
  eden space 31744K, 0% used [0x00000000fab00000,0x00000000fab00000,0x00000000fca00000)
  from space 24576K, 98% used [0x00000000fca00000,0x00000000fe1abc28,0x00000000fe200000)
  to   space 28672K, 0% used [0x00000000fe400000,0x00000000fe400000,0x0000000100000000)
 ParOldGen       total 175104K, used 140317K [0x00000000f0000000, 0x00000000fab00000, 0x00000000fab00000)
  object space 175104K, 80% used [0x00000000f0000000,0x00000000f89077d0,0x00000000fab00000)
 Metaspace       used 35558K, capacity 35829K, committed 36352K, reserved 1081344K
  class space    used 4412K, capacity 4480K, committed 4608K, reserved 1048576K
Event: 628.164 GC heap after
Heap after GC invocations=15 (full 4):
 PSYoungGen      total 56320K, used 0K [0x00000000fab00000, 0x0000000100000000, 0x0000000100000000)
  eden space 31744K, 0% used [0x00000000fab00000,0x00000000fab00000,0x00000000fca00000)
  from space 24576K, 0% used [0x00000000fca00000,0x00000000fca00000,0x00000000fe200000)
  to   space 28672K, 0% used [0x00000000fe400000,0x00000000fe400000,0x0000000100000000)
 ParOldGen       total 175104K, used 132963K [0x00000000f0000000, 0x00000000fab00000, 0x00000000fab00000)
  object space 175104K, 75% used [0x00000000f0000000,0x00000000f81d8ea0,0x00000000fab00000)
 Metaspace       used 35558K, capacity 35829K, committed 36352K, reserved 1081344K
  class space    used 4412K, capacity 4480K, committed 4608K, reserved 1048576K
}
Event: 628.164 GC heap before
{Heap before GC invocations=16 (full 4):
 PSYoungGen      total 56320K, used 0K [0x00000000fab00000, 0x0000000100000000, 0x0000000100000000)
  eden space 31744K, 0% used [0x00000000fab00000,0x00000000fab00000,0x00000000fca00000)
  from space 24576K, 0% used [0x00000000fca00000,0x00000000fca00000,0x00000000fe200000)
  to   space 28672K, 0% used [0x00000000fe400000,0x00000000fe400000,0x0000000100000000)
 ParOldGen       total 175104K, used 132963K [0x00000000f0000000, 0x00000000fab00000, 0x00000000fab00000)
  object space 175104K, 75% used [0x00000000f0000000,0x00000000f81d8ea0,0x00000000fab00000)
 Metaspace       used 35558K, capacity 35829K, committed 36352K, reserved 1081344K
  class space    used 4412K, capacity 4480K, committed 4608K, reserved 1048576K
Event: 628.165 GC heap after
Heap after GC invocations=16 (full 4):
 PSYoungGen      total 58368K, used 0K [0x00000000fab00000, 0x0000000100000000, 0x0000000100000000)
  eden space 29696K, 0% used [0x00000000fab00000,0x00000000fab00000,0x00000000fc800000)
  from space 28672K, 0% used [0x00000000fe400000,0x00000000fe400000,0x0000000100000000)
  to   space 28672K, 0% used [0x00000000fc800000,0x00000000fc800000,0x00000000fe400000)
 ParOldGen       total 175104K, used 132963K [0x00000000f0000000, 0x00000000fab00000, 0x00000000fab00000)
  object space 175104K, 75% used [0x00000000f0000000,0x00000000f81d8ea0,0x00000000fab00000)
 Metaspace       used 35558K, capacity 35829K, committed 36352K, reserved 1081344K
  class space    used 4412K, capacity 4480K, committed 4608K, reserved 1048576K
}
Event: 628.165 GC heap before
{Heap before GC invocations=17 (full 5):
 PSYoungGen      total 58368K, used 0K [0x00000000fab00000, 0x0000000100000000, 0x0000000100000000)
  eden space 29696K, 0% used [0x00000000fab00000,0x00000000fab00000,0x00000000fc800000)
  from space 28672K, 0% used [0x00000000fe400000,0x00000000fe400000,0x0000000100000000)
  to   space 28672K, 0% used [0x00000000fc800000,0x00000000fc800000,0x00000000fe400000)
 ParOldGen       total 175104K, used 132963K [0x00000000f0000000, 0x00000000fab00000, 0x00000000fab00000)
  object space 175104K, 75% used [0x00000000f0000000,0x00000000f81d8ea0,0x00000000fab00000)
 Metaspace       used 35558K, capacity 35829K, committed 36352K, reserved 1081344K
  class space    used 4412K, capacity 4480K, committed 4608K, reserved 1048576K
Event: 628.269 GC heap after
Heap after GC invocations=17 (full 5):
 PSYoungGen      total 58368K, used 0K [0x00000000fab00000, 0x0000000100000000, 0x0000000100000000)
  eden space 29696K, 0% used [0x00000000fab00000,0x00000000fab00000,0x00000000fc800000)
  from space 28672K, 0% used [0x00000000fe400000,0x00000000fe400000,0x0000000100000000)
  to   space 28672K, 0% used [0x00000000fc800000,0x00000000fc800000,0x00000000fe400000)
 ParOldGen       total 175104K, used 129491K [0x00000000f0000000, 0x00000000fab00000, 0x00000000fab00000)
  object space 175104K, 73% used [0x00000000f0000000,0x00000000f7e74db0,0x00000000fab00000)
 Metaspace       used 35548K, capacity 35811K, committed 36352K, reserved 1081344K
  class space    used 4411K, capacity 4477K, committed 4608K, reserved 1048576K
}

